#
# A fatal error has been detected by the Java Runtime Environment:
#
#  EXCEPTION_IN_PAGE_ERROR (0xc0000006) at pc=0x00000000028752da, pid=9840, tid=0x0000000000002d3c
#
# JRE version: OpenJDK Runtime Environment (8.0_152-b02) (build 1.8.0_152-release-1024-b02)
# Java VM: OpenJDK 64-Bit Server VM (25.152-b02 mixed mode windows-amd64 compressed oops)
# Problematic frame:
# j  org.gradle.api.internal.artifacts.ivyservice.resolveengine.result.StreamingResolutionResultBuilder.<init>(Lorg/gradle/cache/internal/BinaryStore;Lorg/gradle/cache/internal/Store;Lorg/gradle/api/internal/artifacts/ImmutableModuleIdentifierFactory;Lorg/gradle/api/internal/artifacts/ivyservice/ivyresolve/strategy/VersionSelectorScheme;)V+43
#
# Failed to write core dump. Minidumps are not enabled by default on client versions of Windows
#
# If you would like to submit a bug report, please visit:
#   http://bugreport.java.com/bugreport/crash.jsp
#

---------------  T H R E A D  ---------------

Current thread (0x000000001989a800):  JavaThread "Daemon worker Thread 6" [_thread_in_Java, id=11580, stack(0x0000000040e70000,0x0000000040f70000)]

siginfo: ExceptionCode=0xc0000006, ExceptionInformation=0x0000000000000000 0x000000001d89d0e8 0x00000000c000009c 

Registers:
RAX=0x0000000000000000, RBX=0x000000001d89d098, RCX=0x00000000ea17ab18, RDX=0x000000000285809d
RSP=0x0000000040f6c5e0, RBP=0x0000000040f6c648, RSI=0x000000002007d3fc, RDI=0x00000000ea17aa48
R8 =0x0000000000000005, R9 =0x00000000ea0b34c8, R10=0x000000006e20b680, R11=0x0000000011710000
R12=0x0000000000000000, R13=0x0000000040f6c5e8, R14=0x0000000040f6c678, R15=0x000000001989a800
RIP=0x00000000028752da, EFLAGS=0x0000000000010246

Top of Stack: (sp=0x0000000040f6c5e0)
0x0000000040f6c5e0:   000000000285809d 00000000a0400da0
0x0000000040f6c5f0:   00000000ea17ab18 00000000ea17ab18
0x0000000040f6c600:   00000000ea17aa60 0000000040f6c608
0x0000000040f6c610:   000000001d89894b 0000000040f6c678
0x0000000040f6c620:   000000001d899248 0000000000000000
0x0000000040f6c630:   000000001d8989b8 0000000040f6c5e8
0x0000000040f6c640:   0000000040f6c658 0000000040f6c6c8
0x0000000040f6c650:   000000000285809d 00000000a0400e98
0x0000000040f6c660:   00000000a0400da0 00000000ea17aa48
0x0000000040f6c670:   00000000ea17a360 00000000ea17aa60
0x0000000040f6c680:   00000000ea17aa60 0000000040f6c688
0x0000000040f6c690:   000000001d812166 0000000040f6c788
0x0000000040f6c6a0:   000000001d812e48 0000000000000000
0x0000000040f6c6b0:   000000001d812380 0000000040f6c658
0x0000000040f6c6c0:   0000000040f6c778 0000000040f6c7d0
0x0000000040f6c6d0:   00000000028580e2 0000000000000000 

Instructions: (pc=0x00000000028752da)
0x00000000028752ba:   48 83 c0 10 4c 8b 68 d8 41 83 ed 04 41 c1 e5 03
0x00000000028752ca:   49 03 c5 48 89 45 e0 4c 8d 6c 24 08 4c 89 6d f0
0x00000000028752da:   ff 63 50 66 66 90 c0 02 00 00 00 00 00 00 e8 d3
0x00000000028752ea:   01 6e 00 00 00 00 b8 00 00 00 00 00 00 00 00 00 


Register to memory mapping:

RAX=0x0000000000000000 is an unknown value
RBX=
[error occurred during error reporting (printing register info), id 0xc0000006]

Stack: [0x0000000040e70000,0x0000000040f70000],  sp=0x0000000040f6c5e0,  free space=1009k
Native frames: (J=compiled Java code, j=interpreted, Vv=VM code, C=native code)
C  0x00000000028752da


---------------  P R O C E S S  ---------------

Java Threads: ( => current thread )
  0x0000000019895800 JavaThread "Cache worker for Artifact transforms cache (C:\Users\thiag\.gradle\caches\transforms-1)" [_thread_blocked, id=6540, stack(0x0000000041270000,0x0000000041370000)]
  0x000000001989b800 JavaThread "Cache worker for file hash cache (C:\Users\thiag\AndroidStudioProjects\ArtemisFES\.gradle\4.4\fileHashes)" [_thread_blocked, id=18068, stack(0x0000000041170000,0x0000000041270000)]
  0x000000001989a000 JavaThread "Stdin handler" [_thread_blocked, id=16308, stack(0x0000000041070000,0x0000000041170000)]
  0x0000000019899000 JavaThread "Asynchronous log dispatcher for DefaultDaemonConnection: socket connection from /127.0.0.1:51154 to /127.0.0.1:53014" [_thread_blocked, id=15820, stack(0x0000000040f70000,0x0000000041070000)]
=>0x000000001989a800 JavaThread "Daemon worker Thread 6" [_thread_in_Java, id=11580, stack(0x0000000040e70000,0x0000000040f70000)]
  0x0000000019896000 JavaThread "Cancel handler" [_thread_blocked, id=7796, stack(0x0000000040d70000,0x0000000040e70000)]
  0x0000000019897800 JavaThread "Handler for socket connection from /127.0.0.1:51154 to /127.0.0.1:53014" [_thread_in_native, id=5952, stack(0x0000000040c70000,0x0000000040d70000)]
  0x0000000019897000 JavaThread "Daemon Thread 6" [_thread_blocked, id=19508, stack(0x0000000040b70000,0x0000000040c70000)]
  0x00000000184d3000 JavaThread "Memory manager" [_thread_blocked, id=15028, stack(0x000000001e700000,0x000000001e800000)]
  0x000000001903c800 JavaThread "File lock request listener" [_thread_in_native, id=9528, stack(0x000000001bc80000,0x000000001bd80000)]
  0x000000001ad7d000 JavaThread "Cache worker for file hash cache (C:\Users\thiag\.gradle\caches\4.4\fileHashes)" [_thread_blocked, id=7340, stack(0x000000001bb80000,0x000000001bc80000)]
  0x0000000018edb000 JavaThread "Daemon periodic checks" [_thread_blocked, id=14628, stack(0x000000001a0b0000,0x000000001a1b0000)]
  0x0000000018eda000 JavaThread "Incoming local TCP Connector on port 51154" [_thread_in_native, id=3488, stack(0x0000000019e60000,0x0000000019f60000)]
  0x0000000017b6c000 JavaThread "Service Thread" daemon [_thread_blocked, id=104, stack(0x0000000017f50000,0x0000000018050000)]
  0x00000000161e8800 JavaThread "C1 CompilerThread2" daemon [_thread_in_vm, id=15068, stack(0x0000000017a50000,0x0000000017b50000)]
  0x00000000161dd000 JavaThread "C2 CompilerThread1" daemon [_thread_blocked, id=5900, stack(0x0000000017950000,0x0000000017a50000)]
  0x00000000161e7000 JavaThread "C2 CompilerThread0" daemon [_thread_blocked, id=2960, stack(0x0000000017850000,0x0000000017950000)]
  0x00000000161e5800 JavaThread "Attach Listener" daemon [_thread_blocked, id=12672, stack(0x0000000017750000,0x0000000017850000)]
  0x00000000161e4000 JavaThread "Signal Dispatcher" daemon [_thread_blocked, id=13528, stack(0x0000000017650000,0x0000000017750000)]
  0x00000000161c8800 JavaThread "Finalizer" daemon [_thread_blocked, id=14404, stack(0x0000000017440000,0x0000000017540000)]
  0x0000000002841000 JavaThread "Reference Handler" daemon [_thread_blocked, id=8892, stack(0x0000000017340000,0x0000000017440000)]
  0x000000000274d800 JavaThread "main" [_thread_blocked, id=14160, stack(0x0000000002620000,0x0000000002720000)]

Other Threads:
  0x00000000161a5800 VMThread [stack: 0x0000000017240000,0x0000000017340000] [id=216]
  0x0000000017b70000 WatcherThread [stack: 0x0000000018050000,0x0000000018150000] [id=15296]

VM state:not at safepoint (normal execution)

VM Mutex/Monitor currently owned by a thread:  ([mutex/lock_event])
[0x0000000002751550] CompiledIC_lock - owner thread: 0x00000000161e8800

Heap:
 PSYoungGen      total 481280K, used 179662K [0x00000000e0000000, 0x00000000ffa00000, 0x0000000100000000)
  eden space 452608K, 36% used [0x00000000e0000000,0x00000000ea1cbe70,0x00000000fba00000)
  from space 28672K, 48% used [0x00000000fde00000,0x00000000feba7990,0x00000000ffa00000)
  to   space 32768K, 0% used [0x00000000fba00000,0x00000000fba00000,0x00000000fda00000)
 ParOldGen       total 115200K, used 75433K [0x00000000a0000000, 0x00000000a7080000, 0x00000000e0000000)
  object space 115200K, 65% used [0x00000000a0000000,0x00000000a49aa448,0x00000000a7080000)
 Metaspace       used 87913K, capacity 92912K, committed 93144K, reserved 1130496K
  class space    used 11247K, capacity 12230K, committed 12288K, reserved 1048576K

Card table byte_map: [0x0000000011c10000,0x0000000011f20000] byte_map_base: 0x0000000011710000

Marking Bits: (ParMarkBitMap*) 0x000000006e224970
 Begin Bits: [0x0000000012520000, 0x0000000013d20000)
 End Bits:   [0x0000000013d20000, 0x0000000015520000)

Polling page: 0x00000000025f0000

CodeCache: size=245760Kb used=55960Kb max_used=56004Kb free=189799Kb
 bounds [0x0000000002850000, 0x0000000005f60000, 0x0000000011850000]
 total_blobs=17309 nmethods=16460 adapters=759
 compilation: enabled

Compilation events (10 events):
Event: 7564.073 Thread 0x00000000161e8800 20378       3       org.gradle.internal.io.StreamByteBuffer$StreamByteBufferChunk::read (34 bytes)
Event: 7564.074 Thread 0x00000000161e8800 nmethod 20378 0x0000000002d40cd0 code [0x0000000002d40e40, 0x0000000002d41010]
Event: 7568.916 Thread 0x00000000161e8800 20382       3       org.gradle.groovy.scripts.internal.FileCacheBackedScriptClassCompiler$BuildScriptRemapper$MethodRenamer::visitLdcInsn (13 bytes)
Event: 7568.952 Thread 0x00000000161e8800 nmethod 20382 0x0000000003e04110 code [0x0000000003e042a0, 0x0000000003e045f8]
Event: 7577.475 Thread 0x00000000161e8800 20385       1       com.google.common.cache.LocalCache$StrongValueReference::isActive (2 bytes)
Event: 7577.475 Thread 0x00000000161e8800 nmethod 20385 0x000000000379cd90 code [0x000000000379cee0, 0x000000000379cff0]
Event: 7578.401 Thread 0x00000000161e7000 20387       4       org.gradle.internal.typeconversion.NotationParserBuilder::converter (13 bytes)
Event: 7578.464 Thread 0x00000000161e7000 nmethod 20387 0x0000000004289ad0 code [0x0000000004289c20, 0x0000000004289db8]
Event: 7578.548 Thread 0x00000000161e8800 20386       1       com.google.common.cache.RemovalCause$1::wasEvicted (2 bytes)
Event: 7578.548 Thread 0x00000000161e8800 nmethod 20386 0x0000000003e1f6d0 code [0x0000000003e1f820, 0x0000000003e1f930]

GC Heap History (10 events):
Event: 96.448 GC heap before
{Heap before GC invocations=15 (full 3):
 PSYoungGen      total 487936K, used 476358K [0x00000000e0000000, 0x0000000100000000, 0x0000000100000000)
  eden space 461312K, 99% used [0x00000000e0000000,0x00000000fc0b0ca0,0x00000000fc280000)
  from space 26624K, 63% used [0x00000000fc280000,0x00000000fd300b90,0x00000000fdc80000)
  to   space 27136K, 0% used [0x00000000fe580000,0x00000000fe580000,0x0000000100000000)
 ParOldGen       total 115200K, used 31276K [0x00000000a0000000, 0x00000000a7080000, 0x00000000e0000000)
  object space 115200K, 27% used [0x00000000a0000000,0x00000000a1e8b3b8,0x00000000a7080000)
 Metaspace       used 68244K, capacity 71604K, committed 71768K, reserved 1112064K
  class space    used 9105K, capacity 9741K, committed 9856K, reserved 1048576K
Event: 96.492 GC heap after
Heap after GC invocations=15 (full 3):
 PSYoungGen      total 483840K, used 27128K [0x00000000e0000000, 0x0000000100000000, 0x0000000100000000)
  eden space 456704K, 0% used [0x00000000e0000000,0x00000000e0000000,0x00000000fbe00000)
  from space 27136K, 99% used [0x00000000fe580000,0x00000000ffffe038,0x0000000100000000)
  to   space 33792K, 0% used [0x00000000fbe00000,0x00000000fbe00000,0x00000000fdf00000)
 ParOldGen       total 115200K, used 37584K [0x00000000a0000000, 0x00000000a7080000, 0x00000000e0000000)
  object space 115200K, 32% used [0x00000000a0000000,0x00000000a24b4030,0x00000000a7080000)
 Metaspace       used 68244K, capacity 71604K, committed 71768K, reserved 1112064K
  class space    used 9105K, capacity 9741K, committed 9856K, reserved 1048576K
}
Event: 100.001 GC heap before
{Heap before GC invocations=16 (full 3):
 PSYoungGen      total 483840K, used 482893K [0x00000000e0000000, 0x0000000100000000, 0x0000000100000000)
  eden space 456704K, 99% used [0x00000000e0000000,0x00000000fbd15690,0x00000000fbe00000)
  from space 27136K, 99% used [0x00000000fe580000,0x00000000ffffe038,0x0000000100000000)
  to   space 33792K, 0% used [0x00000000fbe00000,0x00000000fbe00000,0x00000000fdf00000)
 ParOldGen       total 115200K, used 37584K [0x00000000a0000000, 0x00000000a7080000, 0x00000000e0000000)
  object space 115200K, 32% used [0x00000000a0000000,0x00000000a24b4030,0x00000000a7080000)
 Metaspace       used 68896K, capacity 72386K, committed 72536K, reserved 1112064K
  class space    used 9179K, capacity 9856K, committed 9856K, reserved 1048576K
Event: 100.015 GC heap after
Heap after GC invocations=16 (full 3):
 PSYoungGen      total 490496K, used 6111K [0x00000000e0000000, 0x0000000100000000, 0x0000000100000000)
  eden space 456704K, 0% used [0x00000000e0000000,0x00000000e0000000,0x00000000fbe00000)
  from space 33792K, 18% used [0x00000000fbe00000,0x00000000fc3f7da0,0x00000000fdf00000)
  to   space 32768K, 0% used [0x00000000fe000000,0x00000000fe000000,0x0000000100000000)
 ParOldGen       total 115200K, used 46960K [0x00000000a0000000, 0x00000000a7080000, 0x00000000e0000000)
  object space 115200K, 40% used [0x00000000a0000000,0x00000000a2ddc338,0x00000000a7080000)
 Metaspace       used 68896K, capacity 72386K, committed 72536K, reserved 1112064K
  class space    used 9179K, capacity 9856K, committed 9856K, reserved 1048576K
}
Event: 3302.398 GC heap before
{Heap before GC invocations=17 (full 3):
 PSYoungGen      total 490496K, used 462815K [0x00000000e0000000, 0x0000000100000000, 0x0000000100000000)
  eden space 456704K, 100% used [0x00000000e0000000,0x00000000fbe00000,0x00000000fbe00000)
  from space 33792K, 18% used [0x00000000fbe00000,0x00000000fc3f7da0,0x00000000fdf00000)
  to   space 32768K, 0% used [0x00000000fe000000,0x00000000fe000000,0x0000000100000000)
 ParOldGen       total 115200K, used 46960K [0x00000000a0000000, 0x00000000a7080000, 0x00000000e0000000)
  object space 115200K, 40% used [0x00000000a0000000,0x00000000a2ddc338,0x00000000a7080000)
 Metaspace       used 79622K, capacity 83944K, committed 84056K, reserved 1122304K
  class space    used 10423K, capacity 11307K, committed 11392K, reserved 1048576K
Event: 3302.637 GC heap after
Heap after GC invocations=17 (full 3):
 PSYoungGen      total 483328K, used 29034K [0x00000000e0000000, 0x0000000100000000, 0x0000000100000000)
  eden space 450560K, 0% used [0x00000000e0000000,0x00000000e0000000,0x00000000fb800000)
  from space 32768K, 88% used [0x00000000fe000000,0x00000000ffc5aa30,0x0000000100000000)
  to   space 36864K, 0% used [0x00000000fb800000,0x00000000fb800000,0x00000000fdc00000)
 ParOldGen       total 115200K, used 47328K [0x00000000a0000000, 0x00000000a7080000, 0x00000000e0000000)
  object space 115200K, 41% used [0x00000000a0000000,0x00000000a2e383a8,0x00000000a7080000)
 Metaspace       used 79622K, capacity 83944K, committed 84056K, reserved 1122304K
  class space    used 10423K, capacity 11307K, committed 11392K, reserved 1048576K
}
Event: 4003.794 GC heap before
{Heap before GC invocations=18 (full 3):
 PSYoungGen      total 483328K, used 479594K [0x00000000e0000000, 0x0000000100000000, 0x0000000100000000)
  eden space 450560K, 100% used [0x00000000e0000000,0x00000000fb800000,0x00000000fb800000)
  from space 32768K, 88% used [0x00000000fe000000,0x00000000ffc5aa30,0x0000000100000000)
  to   space 36864K, 0% used [0x00000000fb800000,0x00000000fb800000,0x00000000fdc00000)
 ParOldGen       total 115200K, used 47328K [0x00000000a0000000, 0x00000000a7080000, 0x00000000e0000000)
  object space 115200K, 41% used [0x00000000a0000000,0x00000000a2e383a8,0x00000000a7080000)
 Metaspace       used 86863K, capacity 91602K, committed 91736K, reserved 1128448K
  class space    used 11189K, capacity 12150K, committed 12160K, reserved 1048576K
Event: 4003.823 GC heap after
Heap after GC invocations=18 (full 3):
 PSYoungGen      total 487424K, used 13788K [0x00000000e0000000, 0x0000000100000000, 0x0000000100000000)
  eden space 450560K, 0% used [0x00000000e0000000,0x00000000e0000000,0x00000000fb800000)
  from space 36864K, 37% used [0x00000000fb800000,0x00000000fc577148,0x00000000fdc00000)
  to   space 34816K, 0% used [0x00000000fde00000,0x00000000fde00000,0x0000000100000000)
 ParOldGen       total 115200K, used 68335K [0x00000000a0000000, 0x00000000a7080000, 0x00000000e0000000)
  object space 115200K, 59% used [0x00000000a0000000,0x00000000a42bbd78,0x00000000a7080000)
 Metaspace       used 86863K, capacity 91602K, committed 91736K, reserved 1128448K
  class space    used 11189K, capacity 12150K, committed 12160K, reserved 1048576K
}
Event: 4706.440 GC heap before
{Heap before GC invocations=19 (full 3):
 PSYoungGen      total 487424K, used 464348K [0x00000000e0000000, 0x0000000100000000, 0x0000000100000000)
  eden space 450560K, 100% used [0x00000000e0000000,0x00000000fb800000,0x00000000fb800000)
  from space 36864K, 37% used [0x00000000fb800000,0x00000000fc577148,0x00000000fdc00000)
  to   space 34816K, 0% used [0x00000000fde00000,0x00000000fde00000,0x0000000100000000)
 ParOldGen       total 115200K, used 68335K [0x00000000a0000000, 0x00000000a7080000, 0x00000000e0000000)
  object space 115200K, 59% used [0x00000000a0000000,0x00000000a42bbd78,0x00000000a7080000)
 Metaspace       used 87735K, capacity 92674K, committed 92888K, reserved 1130496K
  class space    used 11223K, capacity 12188K, committed 12288K, reserved 1048576K
Event: 4706.474 GC heap after
Heap after GC invocations=19 (full 3):
 PSYoungGen      total 481280K, used 13982K [0x00000000e0000000, 0x00000000ffa00000, 0x0000000100000000)
  eden space 452608K, 0% used [0x00000000e0000000,0x00000000e0000000,0x00000000fba00000)
  from space 28672K, 48% used [0x00000000fde00000,0x00000000feba7990,0x00000000ffa00000)
  to   space 32768K, 0% used [0x00000000fba00000,0x00000000fba00000,0x00000000fda00000)
 ParOldGen       total 115200K, used 75433K [0x00000000a0000000, 0x00000000a7080000, 0x00000000e0000000)
  object space 115200K, 65% used [0x00000000a0000000,0x00000000a49aa448,0x00000000a7080000)
 Metaspace       used 87735K, capacity 92674K, committed 92888K, reserved 1130496K
  class space    used 11223K, capacity 12188K, committed 12288K, reserved 1048576K
}

Deoptimization events (10 events):
Event: 4707.951 Thread 0x000000001989a000 Uncommon trap: reason=array_check action=maybe_recompile pc=0x0000000004a207c0 method=java.util.TimSort.mergeHi(IIII)V @ 171
Event: 4707.951 Thread 0x000000001989a000 Uncommon trap: reason=array_check action=maybe_recompile pc=0x0000000004a207c0 method=java.util.TimSort.mergeHi(IIII)V @ 171
Event: 4708.437 Thread 0x000000001f67d000 Uncommon trap: reason=speculate_class_check action=maybe_recompile pc=0x0000000005c0654c method=java.lang.StringCoding.encode(Ljava/nio/charset/Charset;[CII)[B @ 91
Event: 4708.437 Thread 0x000000001f67d000 Uncommon trap: reason=speculate_class_check action=maybe_recompile pc=0x0000000005c0654c method=java.lang.StringCoding.encode(Ljava/nio/charset/Charset;[CII)[B @ 91
Event: 4708.895 Thread 0x000000001f67f000 Uncommon trap: reason=unstable_if action=reinterpret pc=0x00000000056a3e30 method=com.android.apksig.internal.jar.ManifestParser.readLine()[B @ 8
Event: 4708.897 Thread 0x000000001f67f000 Uncommon trap: reason=speculate_class_check action=maybe_recompile pc=0x00000000057781fc method=java.lang.StringCoding.encode(Ljava/nio/charset/Charset;[CII)[B @ 99
Event: 4708.897 Thread 0x000000001f67f000 Uncommon trap: reason=speculate_class_check action=maybe_recompile pc=0x00000000057781fc method=java.lang.StringCoding.encode(Ljava/nio/charset/Charset;[CII)[B @ 99
Event: 7564.535 Thread 0x000000001989a800 Uncommon trap: reason=array_check action=maybe_recompile pc=0x0000000003e868fc method=java.util.ComparableTimSort.reverseRange([Ljava/lang/Object;II)V @ 20
Event: 7576.555 Thread 0x000000001989a800 Uncommon trap: reason=array_check action=maybe_recompile pc=0x0000000003e868fc method=java.util.ComparableTimSort.reverseRange([Ljava/lang/Object;II)V @ 20
Event: 7576.768 Thread 0x000000001989a800 Uncommon trap: reason=array_check action=maybe_recompile pc=0x0000000003e868fc method=java.util.ComparableTimSort.reverseRange([Ljava/lang/Object;II)V @ 20

Classes redefined (0 events):
No events

Internal exceptions (10 events):
Event: 4707.322 Thread 0x000000001f67d000 Exception <a 'sun/nio/fs/WindowsException'> (0x00000000e383ca28) thrown at [D:\src\AOSP-openjdk-cygwin\jdk8u\hotspot\src\share\vm\prims\jni.cpp, line 709]
Event: 4707.327 Thread 0x000000001989a800 Exception <a 'sun/nio/fs/WindowsException'> (0x00000000e3c06440) thrown at [D:\src\AOSP-openjdk-cygwin\jdk8u\hotspot\src\share\vm\prims\jni.cpp, line 709]
Event: 4707.336 Thread 0x000000001f67d000 Exception <a 'sun/nio/fs/WindowsException'> (0x00000000e3b0b4d0) thrown at [D:\src\AOSP-openjdk-cygwin\jdk8u\hotspot\src\share\vm\prims\jni.cpp, line 709]
Event: 4707.339 Thread 0x0000000019895800 Exception <a 'sun/nio/fs/WindowsException'> (0x00000000e3dcdeb0) thrown at [D:\src\AOSP-openjdk-cygwin\jdk8u\hotspot\src\share\vm\prims\jni.cpp, line 709]
Event: 4707.890 Thread 0x000000001f67b000 Exception <a 'sun/nio/fs/WindowsException'> (0x00000000e3f0d888) thrown at [D:\src\AOSP-openjdk-cygwin\jdk8u\hotspot\src\share\vm\prims\jni.cpp, line 709]
Event: 4707.911 Thread 0x0000000019897800 Exception <a 'sun/nio/fs/WindowsException'> (0x00000000e452c540) thrown at [D:\src\AOSP-openjdk-cygwin\jdk8u\hotspot\src\share\vm\prims\jni.cpp, line 709]
Event: 4707.944 Thread 0x000000001f67f000 Exception <a 'sun/nio/fs/WindowsException'> (0x00000000e3eb9800) thrown at [D:\src\AOSP-openjdk-cygwin\jdk8u\hotspot\src\share\vm\prims\jni.cpp, line 709]
Event: 4707.953 Thread 0x000000001989a000 Exception <a 'sun/nio/fs/WindowsException'> (0x00000000e4855a98) thrown at [D:\src\AOSP-openjdk-cygwin\jdk8u\hotspot\src\share\vm\prims\jni.cpp, line 709]
Event: 7568.264 Thread 0x000000001989a800 Exception <a 'java/lang/ClassNotFoundException': ijinit2_4qs3qw1f98z4vb0f3ty0xqf9mBeanInfo> (0x00000000ea0659d0) thrown at [D:\src\AOSP-openjdk-cygwin\jdk8u\hotspot\src\share\vm\classfile\systemDictionary.cpp, line 210]
Event: 7568.380 Thread 0x000000001989a800 Exception <a 'java/lang/ClassNotFoundException': ijinit2_4qs3qw1f98z4vb0f3ty0xqf9mCustomizer> (0x00000000ea06fc10) thrown at [D:\src\AOSP-openjdk-cygwin\jdk8u\hotspot\src\share\vm\classfile\systemDictionary.cpp, line 210]

Events (10 events):
Event: 7572.916 loading class groovy/runtime/metaclass/ijinit2_4qs3qw1f98z4vb0f3ty0xqf9m$_run_closure1MetaClass done
Event: 7576.555 Thread 0x000000001989a800 Uncommon trap: trap_request=0xffffffd6 fr.pc=0x0000000003e868fc
Event: 7576.555 Thread 0x000000001989a800 DEOPT PACKING pc=0x0000000003e868fc sp=0x0000000040f6c280
Event: 7576.555 Thread 0x000000001989a800 DEOPT UNPACKING pc=0x000000000289557b sp=0x0000000040f6c160 mode 2
Event: 7576.768 loading class groovy/runtime/metaclass/ijinit2_4qs3qw1f98z4vb0f3ty0xqf9m$_run_closure1$_closure2MetaClass
Event: 7576.768 loading class groovy/runtime/metaclass/ijinit2_4qs3qw1f98z4vb0f3ty0xqf9m$_run_closure1$_closure2MetaClass done
Event: 7576.768 Thread 0x000000001989a800 Uncommon trap: trap_request=0xffffffd6 fr.pc=0x0000000003e868fc
Event: 7576.768 Thread 0x000000001989a800 DEOPT PACKING pc=0x0000000003e868fc sp=0x0000000040f6b250
Event: 7576.768 Thread 0x000000001989a800 DEOPT UNPACKING pc=0x000000000289557b sp=0x0000000040f6b130 mode 2
Event: 7577.282 Thread 0x0000000019895800 Thread added: 0x0000000019895800


Dynamic libraries:
0x00007ff70d7d0000 - 0x00007ff70d801000 	C:\Program Files\Android\Android Studio\jre\bin\java.exe
0x00007ffe46000000 - 0x00007ffe461e1000 	C:\WINDOWS\SYSTEM32\ntdll.dll
0x00007ffe43b10000 - 0x00007ffe43bc2000 	C:\WINDOWS\System32\KERNEL32.DLL
0x00007ffe426d0000 - 0x00007ffe42943000 	C:\WINDOWS\System32\KERNELBASE.dll
0x00007ffe43c30000 - 0x00007ffe43cd1000 	C:\WINDOWS\System32\ADVAPI32.dll
0x00007ffe44a80000 - 0x00007ffe44b1e000 	C:\WINDOWS\System32\msvcrt.dll
0x00007ffe43540000 - 0x00007ffe4359b000 	C:\WINDOWS\System32\sechost.dll
0x00007ffe448a0000 - 0x00007ffe449c4000 	C:\WINDOWS\System32\RPCRT4.dll
0x00007ffe446e0000 - 0x00007ffe44870000 	C:\WINDOWS\System32\USER32.dll
0x00007ffe42ad0000 - 0x00007ffe42af0000 	C:\WINDOWS\System32\win32u.dll
0x00007ffe43f00000 - 0x00007ffe43f28000 	C:\WINDOWS\System32\GDI32.dll
0x00007ffe42480000 - 0x00007ffe42612000 	C:\WINDOWS\System32\gdi32full.dll
0x00007ffe42ce0000 - 0x00007ffe42d7f000 	C:\WINDOWS\System32\msvcp_win.dll
0x00007ffe42950000 - 0x00007ffe42a4a000 	C:\WINDOWS\System32\ucrtbase.dll
0x00007ffe39480000 - 0x00007ffe396e9000 	C:\WINDOWS\WinSxS\amd64_microsoft.windows.common-controls_6595b64144ccf1df_6.0.17134.165_none_fb429645306569ac\COMCTL32.dll
0x00007ffe437d0000 - 0x00007ffe43af3000 	C:\WINDOWS\System32\combase.dll
0x00007ffe42a50000 - 0x00007ffe42aca000 	C:\WINDOWS\System32\bcryptPrimitives.dll
0x00007ffe44870000 - 0x00007ffe4489d000 	C:\WINDOWS\System32\IMM32.DLL
0x0000000070e70000 - 0x0000000070f42000 	C:\Program Files\Android\Android Studio\jre\jre\bin\msvcr100.dll
0x000000006da60000 - 0x000000006e29f000 	C:\Program Files\Android\Android Studio\jre\jre\bin\server\jvm.dll
0x00007ffe45f60000 - 0x00007ffe45f68000 	C:\WINDOWS\System32\PSAPI.DLL
0x00007ffe35f90000 - 0x00007ffe35fb3000 	C:\WINDOWS\SYSTEM32\WINMM.dll
0x00007ffe34550000 - 0x00007ffe3457a000 	C:\WINDOWS\SYSTEM32\WINMMBASE.dll
0x00007ffe3ab30000 - 0x00007ffe3ab3a000 	C:\WINDOWS\SYSTEM32\VERSION.dll
0x00007ffe423d0000 - 0x00007ffe42419000 	C:\WINDOWS\System32\cfgmgr32.dll
0x00007ffe36430000 - 0x00007ffe36439000 	C:\WINDOWS\SYSTEM32\WSOCK32.dll
0x00007ffe43f90000 - 0x00007ffe43ffc000 	C:\WINDOWS\System32\WS2_32.dll
0x00007ffe3dc00000 - 0x00007ffe3dc0f000 	C:\Program Files\Android\Android Studio\jre\jre\bin\verify.dll
0x00007ffe2b4b0000 - 0x00007ffe2b4d9000 	C:\Program Files\Android\Android Studio\jre\jre\bin\java.dll
0x00007ffe2e360000 - 0x00007ffe2e376000 	C:\Program Files\Android\Android Studio\jre\jre\bin\zip.dll
0x00007ffe44b20000 - 0x00007ffe45f60000 	C:\WINDOWS\System32\SHELL32.dll
0x00007ffe43490000 - 0x00007ffe43539000 	C:\WINDOWS\System32\shcore.dll
0x00007ffe42d80000 - 0x00007ffe4348d000 	C:\WINDOWS\System32\windows.storage.dll
0x00007ffe45f70000 - 0x00007ffe45fc1000 	C:\WINDOWS\System32\shlwapi.dll
0x00007ffe42390000 - 0x00007ffe423a1000 	C:\WINDOWS\System32\kernel.appcore.dll
0x00007ffe42360000 - 0x00007ffe4237f000 	C:\WINDOWS\System32\profapi.dll
0x00007ffe42310000 - 0x00007ffe4235c000 	C:\WINDOWS\System32\powrprof.dll
0x00007ffe42380000 - 0x00007ffe4238a000 	C:\WINDOWS\System32\FLTLIB.DLL
0x00007ffe2b490000 - 0x00007ffe2b4aa000 	C:\Program Files\Android\Android Studio\jre\jre\bin\net.dll
0x00007ffe41b30000 - 0x00007ffe41b96000 	C:\WINDOWS\system32\mswsock.dll
0x00007ffe2aab0000 - 0x00007ffe2aac1000 	C:\Program Files\Android\Android Studio\jre\jre\bin\nio.dll
0x00007ffe2e2f0000 - 0x00007ffe2e30e000 	C:\Users\thiag\.gradle\native\25\windows-amd64\native-platform.dll
0x00007ffe38970000 - 0x00007ffe3897d000 	C:\Program Files\Android\Android Studio\jre\jre\bin\management.dll
0x00007ffe41cf0000 - 0x00007ffe41d07000 	C:\WINDOWS\SYSTEM32\CRYPTSP.dll
0x00007ffe41710000 - 0x00007ffe41743000 	C:\WINDOWS\system32\rsaenh.dll
0x00007ffe41e10000 - 0x00007ffe41e35000 	C:\WINDOWS\SYSTEM32\bcrypt.dll
0x00007ffe42240000 - 0x00007ffe42268000 	C:\WINDOWS\SYSTEM32\USERENV.dll
0x00007ffe41ce0000 - 0x00007ffe41ceb000 	C:\WINDOWS\SYSTEM32\CRYPTBASE.dll
0x00007ffe418b0000 - 0x00007ffe418e8000 	C:\WINDOWS\SYSTEM32\IPHLPAPI.DLL
0x00007ffe43b00000 - 0x00007ffe43b08000 	C:\WINDOWS\System32\NSI.dll
0x00007ffe3ab00000 - 0x00007ffe3ab16000 	C:\WINDOWS\SYSTEM32\dhcpcsvc6.DLL
0x00007ffe3aae0000 - 0x00007ffe3aafa000 	C:\WINDOWS\SYSTEM32\dhcpcsvc.DLL
0x00007ffe41400000 - 0x00007ffe41431000 	C:\WINDOWS\SYSTEM32\ntmarta.dll
0x00007ffe40d10000 - 0x00007ffe40ed9000 	C:\WINDOWS\SYSTEM32\dbghelp.dll

VM Arguments:
jvm_args: -Xmx1536m -Dfile.encoding=windows-1252 -Duser.country=BR -Duser.language=pt -Duser.variant 
java_command: org.gradle.launcher.daemon.bootstrap.GradleDaemon 4.4
java_class_path (initial): C:\Users\thiag\.gradle\wrapper\dists\gradle-4.4-all\9br9xq1tocpiv8o6njlyu5op1\gradle-4.4\lib\gradle-launcher-4.4.jar
Launcher Type: SUN_STANDARD

Environment Variables:
PATH=C:\Program Files (x86)\Intel\iCLS Client\;C:\Program Files (x86)\Common Files\Oracle\Java\javapath;C:\Program Files (x86)\NVIDIA Corporation\PhysX\Common;C:\ProgramData\Oracle\Java\javapath;C:\Program Files\Intel\iCLS Client\;C:\WINDOWS\system32;C:\WINDOWS;C:\WINDOWS\System32\Wbem;C:\WINDOWS\System32\WindowsPowerShell\v1.0\;C:\WINDOWS\System32\OpenSSH\;C:\Program Files (x86)\Intel\Intel(R) Management Engine Components\DAL;C:\Program Files\Intel\Intel(R) Management Engine Components\DAL;C:\Program Files (x86)\Intel\Intel(R) Management Engine Components\IPT;C:\Program Files\Intel\Intel(R) Management Engine Components\IPT;C:\Program Files\Git\cmd;C:\Users\thiag\AppData\Local\Microsoft\WindowsApps;
USERNAME=thiag
OS=Windows_NT
PROCESSOR_IDENTIFIER=Intel64 Family 6 Model 142 Stepping 9, GenuineIntel



---------------  S Y S T E M  ---------------

OS: Windows 10.0 , 64 bit Build 17134 (10.0.17134.1)

CPU:total 4 (initial active 4) (2 cores per cpu, 2 threads per core) family 6 model 142 stepping 9, cmov, cx8, fxsr, mmx, sse, sse2, sse3, ssse3, sse4.1, sse4.2, popcnt, avx, avx2, aes, clmul, erms, 3dnowpref, lzcnt, ht, tsc, tscinvbit, bmi1, bmi2, adx

Memory: 4k page, physical 8264328k(1997088k free), swap 13507208k(3685044k free)

vm_info: OpenJDK 64-Bit Server VM (25.152-b02) for windows-amd64 JRE (1.8.0_152-release-1024-b02), built by "builder" with MS VC++ 10.0 (VS2010)

time: Tue Jul 17 16:57:14 2018
elapsed time: 7601 seconds (0d 2h 6m 41s)

